<?xml version="1.0" encoding="UTF-8"?>
<!-- Generated by org.testng.reporters.JUnitReportReporter -->
<testsuite skipped="0" hostname="DESKTOP-BKPBVB0" name="Academy.HomePage" tests="1" failures="0" timestamp="28 Aug 2020 07:09:24 GMT" time="67.977" errors="0">
  <testcase name="basePageNavigation" time="67.977" classname="Academy.HomePage"/>
</testsuite> <!-- Academy.HomePage -->
