<?xml version="1.0" encoding="UTF-8"?>
<!-- Generated by org.testng.reporters.JUnitReportReporter -->
<testsuite skipped="0" hostname="DESKTOP-BKPBVB0" name="Academy.HomePage" tests="1" failures="0" timestamp="26 Aug 2020 12:04:46 GMT" time="76.846" errors="0">
  <testcase name="basePageNavigation" time="76.846" classname="Academy.HomePage"/>
</testsuite> <!-- Academy.HomePage -->
